----------------------------------------------------------------------------------
      name:  <unnamed>
       log:  Z:\home\pacha\github\advanced-international-trade\first-edition\Chapt
> er-8\pindex_c.log
  log type:  text
 opened on:  19 Jun 2024, 18:40:59

. 
. use Z:\home\pacha\github\advanced-international-trade\first-edition\Chapter-8\ca
> r_7990,clear

. keep year model type price quan

. 
. preserve

. keep if year==80
(260 observations deleted)

. keep model type price quan

. ren price price_80

. ren quan quan_80

. sort model

. save Z:\home\pacha\github\advanced-international-trade\first-edition\Chapter-8\c
> ar_80,replace
file Z:\home\pacha\github\advanced-international-trade\first-edition\Chapter-8\car
> _80.dta saved

. restore

. 
. sort model

. merge model using Z:\home\pacha\github\advanced-international-trade\first-editio
> n\Chapter-8\car_80
(note: you are using old merge syntax; see [R] merge for new syntax)
variable model does not uniquely identify observations in the master data

. keep if _merge==3
(55 observations deleted)

. drop _merge

. 
. sort year model

. egen value_80=sum(price_80*quan_80), by(year)

. egen value_cp=sum(price*quan_80),by(year)

. gen lasp=value_cp/value_80

. 
. egen value_c=sum(price*quan), by(year)

. egen value_cq=sum(price_80*quan), by(year)

. gen pasp=value_c/value_cq

.  
. gen pindex=(lasp*pasp)^0.5

. 
. collapse (mean) pindex, by(year)

. list

     +-----------------+
     | year     pindex |
     |-----------------|
  1. |   79      .9663 |
  2. |   80          1 |
  3. |   81   1.197522 |
  4. |   82   1.289163 |
  5. |   83   1.312988 |
     |-----------------|
  6. |   84   1.389093 |
  7. |   85   1.477987 |
  8. |   86   1.668846 |
  9. |   87   1.885685 |
 10. |   88    2.04798 |
     |-----------------|
 11. |   89   2.082082 |
 12. |   90    2.10851 |
     +-----------------+

. 
. log close
      name:  <unnamed>
       log:  Z:\home\pacha\github\advanced-international-trade\first-edition\Chapt
> er-8\pindex_c.log
  log type:  text
 closed on:  19 Jun 2024, 18:41:01
----------------------------------------------------------------------------------
