----------------------------------------------------------------------------------
      name:  <unnamed>
       log:  Z:\home\pacha\github\advanced-international-trade\first-edition\Chapt
> er-8\unit_value.log
  log type:  text
 opened on:  19 Jun 2024, 19:13:08

. 
. use Z:\home\pacha\github\advanced-international-trade\first-edition\Chapter-8\ca
> r_7990,clear

. 
. gen value=price*quan

. egen aquan=mean(quan), by(year)

. egen avalue=mean(value), by(year)

. gen uvalue=avalue/aquan

. collapse (mean) uvalue, by(year)

. list

     +-----------------+
     | year     uvalue |
     |-----------------|
  1. |   79   4945.603 |
  2. |   80   5174.757 |
  3. |   81   6210.741 |
  4. |   82   6834.219 |
  5. |   83   7069.203 |
     |-----------------|
  6. |   84   7518.311 |
  7. |   85   8153.146 |
  8. |   86   9391.989 |
  9. |   87   10396.91 |
 10. |   88    10840.6 |
     |-----------------|
 11. |   89   10492.76 |
 12. |   90   11112.68 |
     +-----------------+

. clear

. 
. use Z:\home\pacha\github\advanced-international-trade\first-edition\Chapter-8\tr
> uck_7990,clear

. gen value=price*quan

. egen aquan=mean(quan), by(year)

. egen avalue=mean(value), by(year)

. gen uvalue=avalue/aquan
(45 missing values generated)

. collapse (mean) uvalue, by(year)

. list

     +-----------------+
     | year     uvalue |
     |-----------------|
  1. |   79   4794.177 |
  2. |   80   4937.291 |
  3. |   81   6313.539 |
  4. |   82   6426.264 |
  5. |   83   6134.027 |
     |-----------------|
  6. |   84   6246.728 |
  7. |   85   6249.927 |
  8. |   86          . |
  9. |   87          . |
 10. |   88          . |
     |-----------------|
 11. |   89          . |
 12. |   90          . |
     +-----------------+

. clear

. 
. log close
      name:  <unnamed>
       log:  Z:\home\pacha\github\advanced-international-trade\first-edition\Chapt
> er-8\unit_value.log
  log type:  text
 closed on:  19 Jun 2024, 19:13:10
----------------------------------------------------------------------------------
